Arguments: 
  C:\Program Files\nodejs\node.exe C:\Users\Gabi\AppData\Roaming\npm\node_modules\yarn\bin\yarn.js init

PATH: 
  C:\Users\Gabi\bin;C:\Program Files\Git\mingw64\bin;C:\Program Files\Git\usr\local\bin;C:\Program Files\Git\usr\bin;C:\Program Files\Git\usr\bin;C:\Program Files\Git\mingw64\bin;C:\Program Files\Git\usr\bin;C:\Users\Gabi\bin;C:\WINDOWS\system32;C:\WINDOWS;C:\WINDOWS\System32\Wbem;C:\WINDOWS\System32\WindowsPowerShell\v1.0;C:\Program Files\dotnet;C:\Program Files\nodejs;C:\Program Files\Git\cmd;C:\Program Files\Microsoft SQL Server\130\Tools\Binn;C:\WINDOWS\System32\OpenSSH;C:\Ruby25-x64\bin;C:\Users\Gabi\AppData\Local\Microsoft\WindowsApps;C:\Users\Gabi\AppData\Local\Programs\Microsoft VS Code\bin;C:\Users\Gabi\AppData\Roaming\npm;C:\Users\Gabi\.dotnet\tools;%USERPROFILE%\AppData\Local\Microsoft\WindowsApps;C:\Program Files\Git\usr\bin\vendor_perl;C:\Program Files\Git\usr\bin\core_perl

Yarn version: 
  1.12.3

Node version: 
  8.11.4

Platform: 
  win32 x64

Trace: 
  Error: Can't answer a question unless a user TTY
      at ConsoleReporter.question (C:\Users\Gabi\AppData\Roaming\npm\node_modules\yarn\lib\cli.js:95522:59)
      at Object.<anonymous> (C:\Users\Gabi\AppData\Roaming\npm\node_modules\yarn\lib\cli.js:88103:38)
      at Generator.next (<anonymous>)
      at step (C:\Users\Gabi\AppData\Roaming\npm\node_modules\yarn\lib\cli.js:304:30)
      at C:\Users\Gabi\AppData\Roaming\npm\node_modules\yarn\lib\cli.js:315:13
      at <anonymous>
      at process._tickCallback (internal/process/next_tick.js:188:7)

npm manifest: 
  {
    "name": "sitemarealta",
    "version": "1.0.0",
    "description": "",
    "main": "index.js",
    "scripts": {
      "test": "echo \"Error: no test specified\" && exit 1"
    },
    "repository": {
      "type": "git",
      "url": "git+https://github.com/tonyarthur/MissaoMareAlta.git"
    },
    "author": "",
    "license": "ISC",
    "bugs": {
      "url": "https://github.com/tonyarthur/MissaoMareAlta/issues"
    },
    "homepage": "https://github.com/tonyarthur/MissaoMareAlta#readme",
    "dependencies": {
      "bootstrap": "^4.1.3",
      "jquery": "^3.3.1",
      "popper.js": "^1.14.6"
    }
  }

yarn manifest: 
  No manifest

Lockfile: 
  No lockfile
